[09-May-2025 07:58:42 UTC] PHP Warning:  Trying to access array offset on value of type bool in C:\Users\use\Local Sites\zumkar-cafe\app\public\wp-content\plugins\elementor\includes\managers\image.php on line 113
[09-May-2025 07:58:42 UTC] PHP Warning:  Trying to access array offset on value of type bool in C:\Users\use\Local Sites\zumkar-cafe\app\public\wp-content\plugins\elementor\includes\managers\image.php on line 113
[09-May-2025 07:58:42 UTC] PHP Warning:  Trying to access array offset on value of type bool in C:\Users\use\Local Sites\zumkar-cafe\app\public\wp-content\plugins\elementor\includes\managers\image.php on line 113
[09-May-2025 07:58:42 UTC] PHP Warning:  Trying to access array offset on value of type bool in C:\Users\use\Local Sites\zumkar-cafe\app\public\wp-content\plugins\elementor\includes\managers\image.php on line 113
[09-May-2025 07:58:42 UTC] PHP Warning:  Trying to access array offset on value of type bool in C:\Users\use\Local Sites\zumkar-cafe\app\public\wp-content\plugins\elementor\includes\managers\image.php on line 113
[09-May-2025 07:58:42 UTC] PHP Warning:  Trying to access array offset on value of type bool in C:\Users\use\Local Sites\zumkar-cafe\app\public\wp-content\plugins\elementor\includes\managers\image.php on line 113
[09-May-2025 07:58:42 UTC] PHP Warning:  Trying to access array offset on value of type bool in C:\Users\use\Local Sites\zumkar-cafe\app\public\wp-content\plugins\elementor\includes\managers\image.php on line 113
[09-May-2025 07:58:42 UTC] PHP Warning:  Trying to access array offset on value of type bool in C:\Users\use\Local Sites\zumkar-cafe\app\public\wp-content\plugins\elementor\includes\managers\image.php on line 113
[10-May-2025 06:26:31 UTC] PHP Warning:  filesize(): stat failed for 0e842fae60df2bcb2a30.bundle.min.js in C:\Users\use\Local Sites\zumkar-cafe\app\public\wp-content\plugins\simply-static\src\integrations\class-elementor-integration.php on line 199
[10-May-2025 06:26:31 UTC] PHP Warning:  filesize(): stat failed for 2f08057553c95b827d30.bundle.min.js in C:\Users\use\Local Sites\zumkar-cafe\app\public\wp-content\plugins\simply-static\src\integrations\class-elementor-integration.php on line 199
[10-May-2025 06:26:31 UTC] PHP Warning:  filesize(): stat failed for 343f4c6fd2ee68785472.bundle.min.js in C:\Users\use\Local Sites\zumkar-cafe\app\public\wp-content\plugins\simply-static\src\integrations\class-elementor-integration.php on line 199
[10-May-2025 06:26:31 UTC] PHP Warning:  filesize(): stat failed for 4748df03726015eef04f.bundle.min.js in C:\Users\use\Local Sites\zumkar-cafe\app\public\wp-content\plugins\simply-static\src\integrations\class-elementor-integration.php on line 199
[10-May-2025 06:26:31 UTC] PHP Warning:  filesize(): stat failed for 5975ee58d21883e10a11.bundle.min.js in C:\Users\use\Local Sites\zumkar-cafe\app\public\wp-content\plugins\simply-static\src\integrations\class-elementor-integration.php on line 199
[10-May-2025 06:26:31 UTC] PHP Warning:  filesize(): stat failed for 5975ee58d21883e10a11.bundle.min.js.LICENSE.txt in C:\Users\use\Local Sites\zumkar-cafe\app\public\wp-content\plugins\simply-static\src\integrations\class-elementor-integration.php on line 199
[10-May-2025 06:26:31 UTC] PHP Warning:  filesize(): stat failed for 7dc832afac0230c2012d.bundle.min.js in C:\Users\use\Local Sites\zumkar-cafe\app\public\wp-content\plugins\simply-static\src\integrations\class-elementor-integration.php on line 199
[10-May-2025 06:26:31 UTC] PHP Warning:  filesize(): stat failed for 9c42cff515a6191fddaf.bundle.min.js in C:\Users\use\Local Sites\zumkar-cafe\app\public\wp-content\plugins\simply-static\src\integrations\class-elementor-integration.php on line 199
[10-May-2025 06:26:31 UTC] PHP Warning:  filesize(): stat failed for accordion.8799675460c73eb48972.bundle.min.js in C:\Users\use\Local Sites\zumkar-cafe\app\public\wp-content\plugins\simply-static\src\integrations\class-elementor-integration.php on line 199
[10-May-2025 06:26:31 UTC] PHP Warning:  filesize(): stat failed for alert.cbc2a0fee74ee3ed0419.bundle.min.js in C:\Users\use\Local Sites\zumkar-cafe\app\public\wp-content\plugins\simply-static\src\integrations\class-elementor-integration.php on line 199
[10-May-2025 06:26:31 UTC] PHP Warning:  filesize(): stat failed for b7931adecb98651a09c7.bundle.min.js in C:\Users\use\Local Sites\zumkar-cafe\app\public\wp-content\plugins\simply-static\src\integrations\class-elementor-integration.php on line 199
[10-May-2025 06:26:31 UTC] PHP Warning:  filesize(): stat failed for container.c65a2a923085e1120e75.bundle.min.js in C:\Users\use\Local Sites\zumkar-cafe\app\public\wp-content\plugins\simply-static\src\integrations\class-elementor-integration.php on line 199
[10-May-2025 06:26:31 UTC] PHP Warning:  filesize(): stat failed for counter.02cef29c589e742d4c8c.bundle.min.js in C:\Users\use\Local Sites\zumkar-cafe\app\public\wp-content\plugins\simply-static\src\integrations\class-elementor-integration.php on line 199
[10-May-2025 06:26:31 UTC] PHP Warning:  filesize(): stat failed for image-carousel.4455c6362492d9067512.bundle.min.js in C:\Users\use\Local Sites\zumkar-cafe\app\public\wp-content\plugins\simply-static\src\integrations\class-elementor-integration.php on line 199
[10-May-2025 06:26:31 UTC] PHP Warning:  filesize(): stat failed for kit-library.1f8d31888dc9d19dd031.bundle.min.js in C:\Users\use\Local Sites\zumkar-cafe\app\public\wp-content\plugins\simply-static\src\integrations\class-elementor-integration.php on line 199
[10-May-2025 06:26:31 UTC] PHP Warning:  filesize(): stat failed for lightbox.26bf6b6c4232d8789c0e.bundle.min.js in C:\Users\use\Local Sites\zumkar-cafe\app\public\wp-content\plugins\simply-static\src\integrations\class-elementor-integration.php on line 199
[10-May-2025 06:26:31 UTC] PHP Warning:  filesize(): stat failed for onboarding.026ae7e20c953c6cf3c3.bundle.min.js in C:\Users\use\Local Sites\zumkar-cafe\app\public\wp-content\plugins\simply-static\src\integrations\class-elementor-integration.php on line 199
[10-May-2025 06:26:31 UTC] PHP Warning:  filesize(): stat failed for progress.985f012a6336ab21cb44.bundle.min.js in C:\Users\use\Local Sites\zumkar-cafe\app\public\wp-content\plugins\simply-static\src\integrations\class-elementor-integration.php on line 199
[10-May-2025 06:26:31 UTC] PHP Warning:  filesize(): stat failed for tabs.c2af5be7f9cb3cdcf3d5.bundle.min.js in C:\Users\use\Local Sites\zumkar-cafe\app\public\wp-content\plugins\simply-static\src\integrations\class-elementor-integration.php on line 199
[10-May-2025 06:26:31 UTC] PHP Warning:  filesize(): stat failed for text-editor.2c35aafbe5bf0e127950.bundle.min.js in C:\Users\use\Local Sites\zumkar-cafe\app\public\wp-content\plugins\simply-static\src\integrations\class-elementor-integration.php on line 199
[10-May-2025 06:26:31 UTC] PHP Warning:  filesize(): stat failed for text-path.2bc8a9cd0e50cf1a5a9c.bundle.min.js in C:\Users\use\Local Sites\zumkar-cafe\app\public\wp-content\plugins\simply-static\src\integrations\class-elementor-integration.php on line 199
[10-May-2025 06:26:31 UTC] PHP Warning:  filesize(): stat failed for text-path.2bc8a9cd0e50cf1a5a9c.bundle.min.js.LICENSE.txt in C:\Users\use\Local Sites\zumkar-cafe\app\public\wp-content\plugins\simply-static\src\integrations\class-elementor-integration.php on line 199
[10-May-2025 06:26:31 UTC] PHP Warning:  filesize(): stat failed for toggle.31881477c45ff5cf9d4d.bundle.min.js in C:\Users\use\Local Sites\zumkar-cafe\app\public\wp-content\plugins\simply-static\src\integrations\class-elementor-integration.php on line 199
[10-May-2025 06:26:31 UTC] PHP Warning:  filesize(): stat failed for video.78c625e89ab767d621c5.bundle.min.js in C:\Users\use\Local Sites\zumkar-cafe\app\public\wp-content\plugins\simply-static\src\integrations\class-elementor-integration.php on line 199
[10-May-2025 06:26:31 UTC] PHP Warning:  filesize(): stat failed for wp-audio.75f0ced143febb8cd31a.bundle.min.js in C:\Users\use\Local Sites\zumkar-cafe\app\public\wp-content\plugins\simply-static\src\integrations\class-elementor-integration.php on line 199
[10-May-2025 06:26:34 UTC] PHP Warning:  filesize(): stat failed for 1b816ba777b14157325b.bundle.min.js in C:\Users\use\Local Sites\zumkar-cafe\app\public\wp-content\plugins\simply-static\src\integrations\class-elementor-pro-integration.php on line 88
[10-May-2025 06:26:34 UTC] PHP Warning:  filesize(): stat failed for 60745ddf42fde6647dbc.bundle.min.js in C:\Users\use\Local Sites\zumkar-cafe\app\public\wp-content\plugins\simply-static\src\integrations\class-elementor-pro-integration.php on line 88
[10-May-2025 06:26:34 UTC] PHP Warning:  filesize(): stat failed for 60745ddf42fde6647dbc.bundle.min.js.LICENSE.txt in C:\Users\use\Local Sites\zumkar-cafe\app\public\wp-content\plugins\simply-static\src\integrations\class-elementor-pro-integration.php on line 88
[10-May-2025 06:26:34 UTC] PHP Warning:  filesize(): stat failed for ajax-pagination.a8dae0f5699fe9733e7d.bundle.min.js in C:\Users\use\Local Sites\zumkar-cafe\app\public\wp-content\plugins\simply-static\src\integrations\class-elementor-pro-integration.php on line 88
[10-May-2025 06:26:34 UTC] PHP Warning:  filesize(): stat failed for animated-headline.3efc6517c2a055f6c242.bundle.min.js in C:\Users\use\Local Sites\zumkar-cafe\app\public\wp-content\plugins\simply-static\src\integrations\class-elementor-pro-integration.php on line 88
[10-May-2025 06:26:34 UTC] PHP Warning:  filesize(): stat failed for archive-posts.d30c917134774f65dd6d.bundle.min.js in C:\Users\use\Local Sites\zumkar-cafe\app\public\wp-content\plugins\simply-static\src\integrations\class-elementor-pro-integration.php on line 88
[10-May-2025 06:26:34 UTC] PHP Warning:  filesize(): stat failed for carousel.9b02b45d7826c1c48f33.bundle.min.js in C:\Users\use\Local Sites\zumkar-cafe\app\public\wp-content\plugins\simply-static\src\integrations\class-elementor-pro-integration.php on line 88
[10-May-2025 06:26:34 UTC] PHP Warning:  filesize(): stat failed for code-highlight.28a979661569ddbbf60d.bundle.min.js in C:\Users\use\Local Sites\zumkar-cafe\app\public\wp-content\plugins\simply-static\src\integrations\class-elementor-pro-integration.php on line 88
[10-May-2025 06:26:34 UTC] PHP Warning:  filesize(): stat failed for countdown.be941c879efa861dbbfa.bundle.min.js in C:\Users\use\Local Sites\zumkar-cafe\app\public\wp-content\plugins\simply-static\src\integrations\class-elementor-pro-integration.php on line 88
[10-May-2025 06:26:34 UTC] PHP Warning:  filesize(): stat failed for form.10bf1a6475f0741920ff.bundle.min.js in C:\Users\use\Local Sites\zumkar-cafe\app\public\wp-content\plugins\simply-static\src\integrations\class-elementor-pro-integration.php on line 88
[10-May-2025 06:26:34 UTC] PHP Warning:  filesize(): stat failed for gallery.8ca9a354ce039d1ba641.bundle.min.js in C:\Users\use\Local Sites\zumkar-cafe\app\public\wp-content\plugins\simply-static\src\integrations\class-elementor-pro-integration.php on line 88
[10-May-2025 06:26:34 UTC] PHP Warning:  filesize(): stat failed for hotspot.6ab1751404c381bfe390.bundle.min.js in C:\Users\use\Local Sites\zumkar-cafe\app\public\wp-content\plugins\simply-static\src\integrations\class-elementor-pro-integration.php on line 88
[10-May-2025 06:26:34 UTC] PHP Warning:  filesize(): stat failed for jszip.vendor.99a5b769619f50a6cb60.bundle.min.js in C:\Users\use\Local Sites\zumkar-cafe\app\public\wp-content\plugins\simply-static\src\integrations\class-elementor-pro-integration.php on line 88
[10-May-2025 06:26:34 UTC] PHP Warning:  filesize(): stat failed for jszip.vendor.99a5b769619f50a6cb60.bundle.min.js.LICENSE.txt in C:\Users\use\Local Sites\zumkar-cafe\app\public\wp-content\plugins\simply-static\src\integrations\class-elementor-pro-integration.php on line 88
[10-May-2025 06:26:34 UTC] PHP Warning:  filesize(): stat failed for load-more.bc9573b5d1f73abd80b9.bundle.min.js in C:\Users\use\Local Sites\zumkar-cafe\app\public\wp-content\plugins\simply-static\src\integrations\class-elementor-pro-integration.php on line 88
[10-May-2025 06:26:34 UTC] PHP Warning:  filesize(): stat failed for loop-carousel.4e8fd6593adbba21698e.bundle.min.js in C:\Users\use\Local Sites\zumkar-cafe\app\public\wp-content\plugins\simply-static\src\integrations\class-elementor-pro-integration.php on line 88
[10-May-2025 06:26:34 UTC] PHP Warning:  filesize(): stat failed for loop-filter-editor.21982d6e76a4fba12cd5.bundle.min.js in C:\Users\use\Local Sites\zumkar-cafe\app\public\wp-content\plugins\simply-static\src\integrations\class-elementor-pro-integration.php on line 88
[10-May-2025 06:26:34 UTC] PHP Warning:  filesize(): stat failed for loop.4f538ab2476dd2d124e6.bundle.min.js in C:\Users\use\Local Sites\zumkar-cafe\app\public\wp-content\plugins\simply-static\src\integrations\class-elementor-pro-integration.php on line 88
[10-May-2025 06:26:34 UTC] PHP Warning:  filesize(): stat failed for lottie.565b778d23c04461c4ea.bundle.min.js in C:\Users\use\Local Sites\zumkar-cafe\app\public\wp-content\plugins\simply-static\src\integrations\class-elementor-pro-integration.php on line 88
[10-May-2025 06:26:34 UTC] PHP Warning:  filesize(): stat failed for media-carousel.aca2224ef13e6f999011.bundle.min.js in C:\Users\use\Local Sites\zumkar-cafe\app\public\wp-content\plugins\simply-static\src\integrations\class-elementor-pro-integration.php on line 88
[10-May-2025 06:26:34 UTC] PHP Warning:  filesize(): stat failed for mega-menu-editor.319a739ef1260a2b2da1.bundle.min.js in C:\Users\use\Local Sites\zumkar-cafe\app\public\wp-content\plugins\simply-static\src\integrations\class-elementor-pro-integration.php on line 88
[10-May-2025 06:26:34 UTC] PHP Warning:  filesize(): stat failed for mega-menu-stretch-content.60ca9e1e97c52ac3bf8c.bundle.min.js in C:\Users\use\Local Sites\zumkar-cafe\app\public\wp-content\plugins\simply-static\src\integrations\class-elementor-pro-integration.php on line 88
[10-May-2025 06:26:34 UTC] PHP Warning:  filesize(): stat failed for mega-menu.611dbb6e55a2c14924ad.bundle.min.js in C:\Users\use\Local Sites\zumkar-cafe\app\public\wp-content\plugins\simply-static\src\integrations\class-elementor-pro-integration.php on line 88
[10-May-2025 06:26:34 UTC] PHP Warning:  filesize(): stat failed for menu-title-keyboard-handler.80c53fcbf2fdb487c91d.bundle.min.js in C:\Users\use\Local Sites\zumkar-cafe\app\public\wp-content\plugins\simply-static\src\integrations\class-elementor-pro-integration.php on line 88
[10-May-2025 06:26:34 UTC] PHP Warning:  filesize(): stat failed for nav-menu.d43af66e5000fd109c04.bundle.min.js in C:\Users\use\Local Sites\zumkar-cafe\app\public\wp-content\plugins\simply-static\src\integrations\class-elementor-pro-integration.php on line 88
[10-May-2025 06:26:34 UTC] PHP Warning:  filesize(): stat failed for nested-carousel-editor.6337dab68af203be7c04.bundle.min.js in C:\Users\use\Local Sites\zumkar-cafe\app\public\wp-content\plugins\simply-static\src\integrations\class-elementor-pro-integration.php on line 88
[10-May-2025 06:26:34 UTC] PHP Warning:  filesize(): stat failed for nested-carousel.21c7f0c4423917225bce.bundle.min.js in C:\Users\use\Local Sites\zumkar-cafe\app\public\wp-content\plugins\simply-static\src\integrations\class-elementor-pro-integration.php on line 88
[10-May-2025 06:26:34 UTC] PHP Warning:  filesize(): stat failed for paypal-button.3d0d5af7df85963df32c.bundle.min.js in C:\Users\use\Local Sites\zumkar-cafe\app\public\wp-content\plugins\simply-static\src\integrations\class-elementor-pro-integration.php on line 88
[10-May-2025 06:26:34 UTC] PHP Warning:  filesize(): stat failed for popup.085c1727e36940b18f29.bundle.min.js in C:\Users\use\Local Sites\zumkar-cafe\app\public\wp-content\plugins\simply-static\src\integrations\class-elementor-pro-integration.php on line 88
[10-May-2025 06:26:34 UTC] PHP Warning:  filesize(): stat failed for portfolio.b5c5e89624dc6b81a11a.bundle.min.js in C:\Users\use\Local Sites\zumkar-cafe\app\public\wp-content\plugins\simply-static\src\integrations\class-elementor-pro-integration.php on line 88
[10-May-2025 06:26:34 UTC] PHP Warning:  filesize(): stat failed for posts.caaf3e27e57db8207afc.bundle.min.js in C:\Users\use\Local Sites\zumkar-cafe\app\public\wp-content\plugins\simply-static\src\integrations\class-elementor-pro-integration.php on line 88
[10-May-2025 06:26:34 UTC] PHP Warning:  filesize(): stat failed for product-add-to-cart.023d7d31fbf96c3dbdfc.bundle.min.js in C:\Users\use\Local Sites\zumkar-cafe\app\public\wp-content\plugins\simply-static\src\integrations\class-elementor-pro-integration.php on line 88
[10-May-2025 06:26:34 UTC] PHP Warning:  filesize(): stat failed for progress-tracker.53951a08af7543da98e6.bundle.min.js in C:\Users\use\Local Sites\zumkar-cafe\app\public\wp-content\plugins\simply-static\src\integrations\class-elementor-pro-integration.php on line 88
[10-May-2025 06:26:34 UTC] PHP Warning:  filesize(): stat failed for search-form.a25a87283d08dad12f18.bundle.min.js in C:\Users\use\Local Sites\zumkar-cafe\app\public\wp-content\plugins\simply-static\src\integrations\class-elementor-pro-integration.php on line 88
[10-May-2025 06:26:34 UTC] PHP Warning:  filesize(): stat failed for share-buttons.08f4daf4a4285a8632b8.bundle.min.js in C:\Users\use\Local Sites\zumkar-cafe\app\public\wp-content\plugins\simply-static\src\integrations\class-elementor-pro-integration.php on line 88
[10-May-2025 06:26:34 UTC] PHP Warning:  filesize(): stat failed for slides.fb6b9afd278bb9c5e75b.bundle.min.js in C:\Users\use\Local Sites\zumkar-cafe\app\public\wp-content\plugins\simply-static\src\integrations\class-elementor-pro-integration.php on line 88
[10-May-2025 06:26:34 UTC] PHP Warning:  filesize(): stat failed for social.2d2e44e8608690943f29.bundle.min.js in C:\Users\use\Local Sites\zumkar-cafe\app\public\wp-content\plugins\simply-static\src\integrations\class-elementor-pro-integration.php on line 88
[10-May-2025 06:26:34 UTC] PHP Warning:  filesize(): stat failed for stripe-button.2acbca466dfeb9585680.bundle.min.js in C:\Users\use\Local Sites\zumkar-cafe\app\public\wp-content\plugins\simply-static\src\integrations\class-elementor-pro-integration.php on line 88
[10-May-2025 06:26:34 UTC] PHP Warning:  filesize(): stat failed for table-of-contents.82ad797536446d523057.bundle.min.js in C:\Users\use\Local Sites\zumkar-cafe\app\public\wp-content\plugins\simply-static\src\integrations\class-elementor-pro-integration.php on line 88
[10-May-2025 06:26:34 UTC] PHP Warning:  filesize(): stat failed for taxonomy-filter.b42e9c10a9d0abc3454e.bundle.min.js in C:\Users\use\Local Sites\zumkar-cafe\app\public\wp-content\plugins\simply-static\src\integrations\class-elementor-pro-integration.php on line 88
[10-May-2025 06:26:34 UTC] PHP Warning:  filesize(): stat failed for video-playlist.74fca1f2470fa6474595.bundle.min.js in C:\Users\use\Local Sites\zumkar-cafe\app\public\wp-content\plugins\simply-static\src\integrations\class-elementor-pro-integration.php on line 88
[10-May-2025 06:26:34 UTC] PHP Warning:  filesize(): stat failed for woocommerce-cart.fc30c6cb753d4098eff5.bundle.min.js in C:\Users\use\Local Sites\zumkar-cafe\app\public\wp-content\plugins\simply-static\src\integrations\class-elementor-pro-integration.php on line 88
[10-May-2025 06:26:34 UTC] PHP Warning:  filesize(): stat failed for woocommerce-checkout-page.b18af78282979b6f74e4.bundle.min.js in C:\Users\use\Local Sites\zumkar-cafe\app\public\wp-content\plugins\simply-static\src\integrations\class-elementor-pro-integration.php on line 88
[10-May-2025 06:26:34 UTC] PHP Warning:  filesize(): stat failed for woocommerce-menu-cart.faa7b80e9ba9e5072070.bundle.min.js in C:\Users\use\Local Sites\zumkar-cafe\app\public\wp-content\plugins\simply-static\src\integrations\class-elementor-pro-integration.php on line 88
[10-May-2025 06:26:34 UTC] PHP Warning:  filesize(): stat failed for woocommerce-my-account.3ee10d01e625dad87f73.bundle.min.js in C:\Users\use\Local Sites\zumkar-cafe\app\public\wp-content\plugins\simply-static\src\integrations\class-elementor-pro-integration.php on line 88
[10-May-2025 06:26:34 UTC] PHP Warning:  filesize(): stat failed for woocommerce-notices.aaa7a3d06f24f7ea6951.bundle.min.js in C:\Users\use\Local Sites\zumkar-cafe\app\public\wp-content\plugins\simply-static\src\integrations\class-elementor-pro-integration.php on line 88
[10-May-2025 06:26:34 UTC] PHP Warning:  filesize(): stat failed for woocommerce-purchase-summary.46445ab1120a8c28c05c.bundle.min.js in C:\Users\use\Local Sites\zumkar-cafe\app\public\wp-content\plugins\simply-static\src\integrations\class-elementor-pro-integration.php on line 88
